This is pdfTeX, Version 3.14159265-2.6-1.40.21 (TeX Live 2020) (preloaded format=pdflatex 2020.7.11)  27 AUG 2020 19:11
entering extended mode
 restricted \write18 enabled.
 file:line:error style messages enabled.
 %&-line parsing enabled.
**Introduction_to_Huffman_Coding_Algorithm.tex
(./Introduction_to_Huffman_Coding_Algorithm.tex
LaTeX2e <2020-02-02> patch level 5
L3 programming layer <2020-03-06>
(/usr/local/texlive/2020/texmf-dist/tex/latex/base/article.cls
Document Class: article 2019/12/20 v1.4l Standard LaTeX document class
(/usr/local/texlive/2020/texmf-dist/tex/latex/base/size10.clo
File: size10.clo 2019/12/20 v1.4l Standard LaTeX file (size option)
)
\c@part=\count167
\c@section=\count168
\c@subsection=\count169
\c@subsubsection=\count170
\c@paragraph=\count171
\c@subparagraph=\count172
\c@figure=\count173
\c@table=\count174
\abovecaptionskip=\skip47
\belowcaptionskip=\skip48
\bibindent=\dimen134
)
(/usr/local/texlive/2020/texmf-dist/tex/latex/caption/caption2.sty
Package: caption2 2020/01/02 v2.2e Customising captions (AR)


Package caption2 Warning: ****************************************************
(caption2)                THIS PACKAGE IS OBSOLETE:
(caption2)                This package attempts to provide an `caption2'
(caption2)                package v2.0/2.1 author environment so that OLD
(caption2)                documents can be successfully processed. It should
(caption2)                NOT be used for NEW documents! New documents should
(caption2)                use the regular `caption' package v3.x instead.
(caption2)                ****************************************************

(/usr/local/texlive/2020/texmf-dist/tex/latex/caption/caption3.sty
Package: caption3 2020/01/03 v1.8h caption3 kernel (AR)
Package caption3 Info: TeX engine: e-TeX on input line 61.

(/usr/local/texlive/2020/texmf-dist/tex/latex/graphics/keyval.sty
Package: keyval 2014/10/28 v1.15 key=value parser (DPC)
\KV@toks@=\toks15
)
\captionmargin=\dimen135
\captionmargin@=\dimen136
\captionwidth=\dimen137
\caption@tempdima=\dimen138
\caption@indent=\dimen139
\caption@parindent=\dimen140
\caption@hangindent=\dimen141
Package caption Info: Standard document class detected.
)
Package caption2 Info: Running in caption2 v2.0 compatibility mode on input lin
e 220.
\captionlinewidth=\dimen142
\realcaptionwidth=\dimen143
)
(/usr/local/texlive/2020/texmf-dist/tex/latex/graphics/graphicx.sty
Package: graphicx 2019/11/30 v1.2a Enhanced LaTeX Graphics (DPC,SPQR)

(/usr/local/texlive/2020/texmf-dist/tex/latex/graphics/graphics.sty
Package: graphics 2019/11/30 v1.4a Standard LaTeX Graphics (DPC,SPQR)

(/usr/local/texlive/2020/texmf-dist/tex/latex/graphics/trig.sty
Package: trig 2016/01/03 v1.10 sin cos tan (DPC)
)
(/usr/local/texlive/2020/texmf-dist/tex/latex/graphics-cfg/graphics.cfg
File: graphics.cfg 2016/06/04 v1.11 sample graphics configuration
)
Package graphics Info: Driver file: pdftex.def on input line 105.

(/usr/local/texlive/2020/texmf-dist/tex/latex/graphics-def/pdftex.def
File: pdftex.def 2018/01/08 v1.0l Graphics/color driver for pdftex
))
\Gin@req@height=\dimen144
\Gin@req@width=\dimen145
)
(/usr/local/texlive/2020/texmf-dist/tex/latex/float/float.sty
Package: float 2001/11/08 v1.3d Float enhancements (AL)
\c@float@type=\count175
\float@exts=\toks16
\float@box=\box45
\@float@everytoks=\toks17
\@floatcapt=\box46
)
(/usr/local/texlive/2020/texmf-dist/tex/latex/cjk/texinput/CJKutf8.sty
Package: CJKutf8 2015/04/18 4.8.4

(/usr/local/texlive/2020/texmf-dist/tex/generic/iftex/ifpdf.sty
Package: ifpdf 2019/10/25 v3.4 ifpdf legacy package. Use iftex instead.

(/usr/local/texlive/2020/texmf-dist/tex/generic/iftex/iftex.sty
Package: iftex 2020/03/06 v1.0d TeX engine tests
))
(/usr/local/texlive/2020/texmf-dist/tex/latex/base/inputenc.sty
Package: inputenc 2018/08/11 v1.3c Input encoding file
\inpenc@prehook=\toks18
\inpenc@posthook=\toks19
)
(/usr/local/texlive/2020/texmf-dist/tex/latex/cjk/texinput/CJK.sty
Package: CJK 2015/04/18 4.8.4

(/usr/local/texlive/2020/texmf-dist/tex/latex/cjk/texinput/mule/MULEenc.sty
Package: MULEenc 2015/04/18 4.8.4
)
(/usr/local/texlive/2020/texmf-dist/tex/latex/cjk/texinput/CJK.enc
File: CJK.enc 2015/04/18 4.8.4
Now handling font encoding C00 ...
... no UTF-8 mapping file for font encoding C00
Now handling font encoding C05 ...
... no UTF-8 mapping file for font encoding C05
Now handling font encoding C09 ...
... no UTF-8 mapping file for font encoding C09
Now handling font encoding C10 ...
... no UTF-8 mapping file for font encoding C10
Now handling font encoding C20 ...
... no UTF-8 mapping file for font encoding C20
Now handling font encoding C19 ...
... no UTF-8 mapping file for font encoding C19
Now handling font encoding C40 ...
... no UTF-8 mapping file for font encoding C40
Now handling font encoding C42 ...
... no UTF-8 mapping file for font encoding C42
Now handling font encoding C43 ...
... no UTF-8 mapping file for font encoding C43
Now handling font encoding C50 ...
... no UTF-8 mapping file for font encoding C50
Now handling font encoding C52 ...
... no UTF-8 mapping file for font encoding C52
Now handling font encoding C49 ...
... no UTF-8 mapping file for font encoding C49
Now handling font encoding C60 ...
... no UTF-8 mapping file for font encoding C60
Now handling font encoding C61 ...
... no UTF-8 mapping file for font encoding C61
Now handling font encoding C63 ...
... no UTF-8 mapping file for font encoding C63
Now handling font encoding C64 ...
... no UTF-8 mapping file for font encoding C64
Now handling font encoding C65 ...
... no UTF-8 mapping file for font encoding C65
Now handling font encoding C70 ...
... no UTF-8 mapping file for font encoding C70
Now handling font encoding C31 ...
... no UTF-8 mapping file for font encoding C31
Now handling font encoding C32 ...
... no UTF-8 mapping file for font encoding C32
Now handling font encoding C33 ...
... no UTF-8 mapping file for font encoding C33
Now handling font encoding C34 ...
... no UTF-8 mapping file for font encoding C34
Now handling font encoding C35 ...
... no UTF-8 mapping file for font encoding C35
Now handling font encoding C36 ...
... no UTF-8 mapping file for font encoding C36
Now handling font encoding C37 ...
... no UTF-8 mapping file for font encoding C37
Now handling font encoding C80 ...
... no UTF-8 mapping file for font encoding C80
Now handling font encoding C81 ...
... no UTF-8 mapping file for font encoding C81
Now handling font encoding C01 ...
... no UTF-8 mapping file for font encoding C01
Now handling font encoding C11 ...
... no UTF-8 mapping file for font encoding C11
Now handling font encoding C21 ...
... no UTF-8 mapping file for font encoding C21
Now handling font encoding C41 ...
... no UTF-8 mapping file for font encoding C41
Now handling font encoding C62 ...
... no UTF-8 mapping file for font encoding C62
)
LaTeX Info: Redefining \selectfont on input line 755.
\CJK@indent=\box47
)
(/usr/local/texlive/2020/texmf-dist/tex/latex/base/fontenc.sty
Package: fontenc 2020/02/11 v2.0o Standard LaTeX package
))
(/usr/local/texlive/2020/texmf-dist/tex/latex/tools/indentfirst.sty
Package: indentfirst 1995/11/23 v1.03 Indent first paragraph (DPC)
)
(/usr/local/texlive/2020/texmf-dist/tex/latex/amsmath/amsmath.sty
Package: amsmath 2020/01/20 v2.17e AMS math features
\@mathmargin=\skip49

For additional information on amsmath, use the `?' option.
(/usr/local/texlive/2020/texmf-dist/tex/latex/amsmath/amstext.sty
Package: amstext 2000/06/29 v2.01 AMS text

(/usr/local/texlive/2020/texmf-dist/tex/latex/amsmath/amsgen.sty
File: amsgen.sty 1999/11/30 v2.0 generic functions
\@emptytoks=\toks20
\ex@=\dimen146
))
(/usr/local/texlive/2020/texmf-dist/tex/latex/amsmath/amsbsy.sty
Package: amsbsy 1999/11/29 v1.2d Bold Symbols
\pmbraise@=\dimen147
)
(/usr/local/texlive/2020/texmf-dist/tex/latex/amsmath/amsopn.sty
Package: amsopn 2016/03/08 v2.02 operator names
)
\inf@bad=\count176
LaTeX Info: Redefining \frac on input line 227.
\uproot@=\count177
\leftroot@=\count178
LaTeX Info: Redefining \overline on input line 389.
\classnum@=\count179
\DOTSCASE@=\count180
LaTeX Info: Redefining \ldots on input line 486.
LaTeX Info: Redefining \dots on input line 489.
LaTeX Info: Redefining \cdots on input line 610.
\Mathstrutbox@=\box48
\strutbox@=\box49
\big@size=\dimen148
LaTeX Font Info:    Redeclaring font encoding OML on input line 733.
LaTeX Font Info:    Redeclaring font encoding OMS on input line 734.
\macc@depth=\count181
\c@MaxMatrixCols=\count182
\dotsspace@=\muskip16
\c@parentequation=\count183
\dspbrk@lvl=\count184
\tag@help=\toks21
\row@=\count185
\column@=\count186
\maxfields@=\count187
\andhelp@=\toks22
\eqnshift@=\dimen149
\alignsep@=\dimen150
\tagshift@=\dimen151
\tagwidth@=\dimen152
\totwidth@=\dimen153
\lineht@=\dimen154
\@envbody=\toks23
\multlinegap=\skip50
\multlinetaggap=\skip51
\mathdisplay@stack=\toks24
LaTeX Info: Redefining \[ on input line 2859.
LaTeX Info: Redefining \] on input line 2860.
)
(/usr/local/texlive/2020/texmf-dist/tex/latex/amsfonts/amssymb.sty
Package: amssymb 2013/01/14 v3.01 AMS font symbols

(/usr/local/texlive/2020/texmf-dist/tex/latex/amsfonts/amsfonts.sty
Package: amsfonts 2013/01/14 v3.01 Basic AMSFonts support
\symAMSa=\mathgroup4
\symAMSb=\mathgroup5
LaTeX Font Info:    Redeclaring math symbol \hbar on input line 98.
LaTeX Font Info:    Overwriting math alphabet `\mathfrak' in version `bold'
(Font)                  U/euf/m/n --> U/euf/b/n on input line 106.
))
(/usr/local/texlive/2020/texmf-dist/tex/latex/l3backend/l3backend-pdfmode.def
File: l3backend-pdfmode.def 2020-03-12 L3 backend support: PDF mode
\l__kernel_color_stack_int=\count188
\l__pdf_internal_box=\box50
)
(./Introduction_to_Huffman_Coding_Algorithm.aux

LaTeX Warning: Label `header-n492' multiply defined.

)
\openout1 = `Introduction_to_Huffman_Coding_Algorithm.aux'.

LaTeX Font Info:    Checking defaults for OML/cmm/m/it on input line 15.
LaTeX Font Info:    ... okay on input line 15.
LaTeX Font Info:    Checking defaults for OMS/cmsy/m/n on input line 15.
LaTeX Font Info:    ... okay on input line 15.
LaTeX Font Info:    Checking defaults for OT1/cmr/m/n on input line 15.
LaTeX Font Info:    ... okay on input line 15.
LaTeX Font Info:    Checking defaults for T1/cmr/m/n on input line 15.
LaTeX Font Info:    ... okay on input line 15.
LaTeX Font Info:    Checking defaults for TS1/cmr/m/n on input line 15.
LaTeX Font Info:    ... okay on input line 15.
LaTeX Font Info:    Checking defaults for OMX/cmex/m/n on input line 15.
LaTeX Font Info:    ... okay on input line 15.
LaTeX Font Info:    Checking defaults for U/cmr/m/n on input line 15.
LaTeX Font Info:    ... okay on input line 15.
LaTeX Font Info:    Checking defaults for C00/song/m/n on input line 15.
LaTeX Font Info:    ... okay on input line 15.
LaTeX Font Info:    Checking defaults for C05/song/m/n on input line 15.
LaTeX Font Info:    ... okay on input line 15.
LaTeX Font Info:    Checking defaults for C09/song/m/n on input line 15.
LaTeX Font Info:    ... okay on input line 15.
LaTeX Font Info:    Checking defaults for C10/song/m/n on input line 15.
LaTeX Font Info:    ... okay on input line 15.
LaTeX Font Info:    Checking defaults for C20/song/m/n on input line 15.
LaTeX Font Info:    ... okay on input line 15.
LaTeX Font Info:    Checking defaults for C19/song/m/n on input line 15.
LaTeX Font Info:    ... okay on input line 15.
LaTeX Font Info:    Checking defaults for C40/song/m/n on input line 15.
LaTeX Font Info:    ... okay on input line 15.
LaTeX Font Info:    Checking defaults for C42/song/m/n on input line 15.
LaTeX Font Info:    ... okay on input line 15.
LaTeX Font Info:    Checking defaults for C43/song/m/n on input line 15.
LaTeX Font Info:    ... okay on input line 15.
LaTeX Font Info:    Checking defaults for C50/song/m/n on input line 15.
LaTeX Font Info:    ... okay on input line 15.
LaTeX Font Info:    Checking defaults for C52/song/m/n on input line 15.
LaTeX Font Info:    ... okay on input line 15.
LaTeX Font Info:    Checking defaults for C49/song/m/n on input line 15.
LaTeX Font Info:    ... okay on input line 15.
LaTeX Font Info:    Checking defaults for C60/mj/m/n on input line 15.
LaTeX Font Info:    ... okay on input line 15.
LaTeX Font Info:    Checking defaults for C61/mj/m/n on input line 15.
LaTeX Font Info:    ... okay on input line 15.
LaTeX Font Info:    Checking defaults for C63/mj/m/n on input line 15.
LaTeX Font Info:    ... okay on input line 15.
LaTeX Font Info:    Checking defaults for C64/mj/m/n on input line 15.
LaTeX Font Info:    ... okay on input line 15.
LaTeX Font Info:    Checking defaults for C65/mj/m/n on input line 15.
LaTeX Font Info:    ... okay on input line 15.
LaTeX Font Info:    Checking defaults for C70/song/m/n on input line 15.
LaTeX Font Info:    ... okay on input line 15.
LaTeX Font Info:    Checking defaults for C31/song/m/n on input line 15.
LaTeX Font Info:    ... okay on input line 15.
LaTeX Font Info:    Checking defaults for C32/song/m/n on input line 15.
LaTeX Font Info:    ... okay on input line 15.
LaTeX Font Info:    Checking defaults for C33/song/m/n on input line 15.
LaTeX Font Info:    ... okay on input line 15.
LaTeX Font Info:    Checking defaults for C34/song/m/n on input line 15.
LaTeX Font Info:    ... okay on input line 15.
LaTeX Font Info:    Checking defaults for C35/song/m/n on input line 15.
LaTeX Font Info:    ... okay on input line 15.
LaTeX Font Info:    Checking defaults for C36/song/m/n on input line 15.
LaTeX Font Info:    ... okay on input line 15.
LaTeX Font Info:    Checking defaults for C37/song/m/n on input line 15.
LaTeX Font Info:    ... okay on input line 15.
LaTeX Font Info:    Checking defaults for C80/song/m/n on input line 15.
LaTeX Font Info:    ... okay on input line 15.
LaTeX Font Info:    Checking defaults for C81/song/m/n on input line 15.
LaTeX Font Info:    ... okay on input line 15.
LaTeX Font Info:    Checking defaults for C01/song/m/n on input line 15.
LaTeX Font Info:    ... okay on input line 15.
LaTeX Font Info:    Checking defaults for C11/song/m/n on input line 15.
LaTeX Font Info:    ... okay on input line 15.
LaTeX Font Info:    Checking defaults for C21/song/m/n on input line 15.
LaTeX Font Info:    ... okay on input line 15.
LaTeX Font Info:    Checking defaults for C41/song/m/n on input line 15.
LaTeX Font Info:    ... okay on input line 15.
LaTeX Font Info:    Checking defaults for C62/song/m/n on input line 15.
LaTeX Font Info:    ... okay on input line 15.
Package caption Info: Begin \AtBeginDocument code.
Package caption Info: End \AtBeginDocument code.
 (/usr/local/texlive/2020/texmf-dist/tex/context/base/mkii/supp-pdf.mkii
[Loading MPS to PDF converter (version 2006.09.02).]
\scratchcounter=\count189
\scratchdimen=\dimen155
\scratchbox=\box51
\nofMPsegments=\count190
\nofMParguments=\count191
\everyMPshowfont=\toks25
\MPscratchCnt=\count192
\MPscratchDim=\dimen156
\MPnumerator=\count193
\makeMPintoPDFobject=\count194
\everyMPtoPDFconversion=\toks26
) (/usr/local/texlive/2020/texmf-dist/tex/latex/epstopdf-pkg/epstopdf-base.sty
Package: epstopdf-base 2020-01-24 v2.11 Base part for package epstopdf
Package epstopdf-base Info: Redefining graphics rule for `.eps' on input line 4
85.

(/usr/local/texlive/2020/texmf-dist/tex/latex/latexconfig/epstopdf-sys.cfg
File: epstopdf-sys.cfg 2010/07/13 v1.3 Configuration of (r)epstopdf for TeX Liv
e
))
(/usr/local/texlive/2020/texmf-dist/tex/latex/cjk/texinput/UTF8/UTF8.bdg
File: UTF8.bdg 2015/04/18 4.8.4
)
(/usr/local/texlive/2020/texmf-dist/tex/latex/cjk/texinput/UTF8/UTF8.enc
File: UTF8.enc 2015/04/18 4.8.4
)
(/usr/local/texlive/2020/texmf-dist/tex/latex/cjk/texinput/UTF8/UTF8.chr
File: UTF8.chr 2015/04/18 4.8.4
)
LaTeX Font Info:    Trying to load font information for U+msa on input line 18.


(/usr/local/texlive/2020/texmf-dist/tex/latex/amsfonts/umsa.fd
File: umsa.fd 2013/01/14 v3.01 AMS symbols A
)
LaTeX Font Info:    Trying to load font information for U+msb on input line 18.


(/usr/local/texlive/2020/texmf-dist/tex/latex/amsfonts/umsb.fd
File: umsb.fd 2013/01/14 v3.01 AMS symbols B
) [1

{/usr/local/texlive/2020/texmf-var/fonts/map/pdftex/updmap/pdftex.map}]
(./Introduction_to_Huffman_Coding_Algorithm.toc
LaTeX Font Info:    Trying to load font information for C70+gbsn on input line 
1.

(/usr/local/texlive/2020/texmf-dist/tex/latex/cjk/texinput/UTF8/c70gbsn.fd
File: c70gbsn.fd 2015/04/18 4.8.4
)
(/usr/local/texlive/2020/texmf-dist/tex/latex/cjk/texinput/UTF8/c70gbsn.fdx
File: c70gbsn.fdx 2015/04/18 4.8.4
))
\tf@toc=\write3
\openout3 = `Introduction_to_Huffman_Coding_Algorithm.toc'.


[2]
Overfull \hbox (4.14151pt too wide) in paragraph at lines 59--59
[]\C70/gbsn/bx/n/10/65 p[][] \C70/gbsn/bx/n/10/63 n[][] \C70/gbsn/bx/n/10/53 ã[
][] \C70/gbsn/bx/n/10/7f )[][] \C70/gbsn/bx/n/10/4e ^^N[][] \C70/gbsn/bx/n/10/5
3 ã[][] \C70/gbsn/bx/n/10/7f )[][] \C70/gbsn/bx/n/10/7b ó[][] \C70/gbsn/bx/n/10
/6c ’[][]\OT1/cmr/bx/n/10 (data com-pres-sion & com-pres-sion al-go-rithm) 
 []

[3]
Overfull \hbox (6.80505pt too wide) in paragraph at lines 82--88
[]\C70/gbsn/m/n/10/56 ‡ \C70/gbsn/bx/n/10/6b d\OT1/cmr/m/n/10 , \C70/gbsn/m/n/1
0/72 Ï y \C70/gbsn/bx/n/10/53 Ô \C70/gbsn/m/n/10/8b — \C70/gbsn/bx/n/10/78 ^^A 
\C70/gbsn/bx/n/10/76 Ñ \C70/gbsn/bx/n/10/78 ^^A \C70/gbsn/bx/n/10/5b W \C70/gbs
n/bx/n/10/95 ^^? \C70/gbsn/m/n/10/5e ¶ \C70/gbsn/m/n/10/5f ≈ \C70/gbsn/m/n/10/9
8 { \C70/gbsn/m/n/10/6e · \C70/gbsn/m/n/10/8d ≥ \OT1/cmtt/m/n/10 Kraft-McMillan
\C70/gbsn/bx/n/10/4e ^^M \C70/gbsn/bx/n/10/7b I \C70/gbsn/m/n/10/5f ^^O\OT1/cmr
/m/n/10 (Kraft-
 []

[4]
Overfull \hbox (3.3854pt too wide) in paragraph at lines 140--144
[]\C70/gbsn/m/n/10/8b æ \C70/gbsn/bx/n/10/4e ^^@ \C70/gbsn/bx/n/10/4f · \C70/gb
sn/m/n/10/6e ê \C70/gbsn/bx/n/10/4e Œ \C70/gbsn/bx/n/10/7b & \C70/gbsn/bx/n/10/
53 ˜ \C70/gbsn/bx/n/10/96 ∆$\OML/cmm/m/it/10 A \OT1/cmr/m/n/10 = \OMS/cmsy/m/n/
10 f\OML/cmm/m/it/10 a[]; a[]; a[]; a[]; a[]\OMS/cmsy/m/n/10 g$\C70/gbsn/bx/n/1
0/4e - \C70/gbsn/m/n/10/90 	 \C70/gbsn/m/n/10/62 È \C70/gbsn/m/n/10/8f ì \C70/g
bsn/bx/n/10/51 ˙ \C70/gbsn/bx/n/10/5b W \C70/gbsn/bx/n/10/6b Õ\OT1/cmr/m/n/10 ,
 \C70/gbsn/bx/n/10/51 v \C70/gbsn/m/n/10/69 Ç \C70/gbsn/m/n/10/73 á \C70/gbsn/b
x/n/10/4e :$\OML/cmm/m/it/10 P\OT1/cmr/m/n/10 (\OML/cmm/m/it/10 a[]\OT1/cmr/m/n
/10 ) =
 []

</Users/_linxinhui_/Desktop/DSACurriculumDesign/IntroductionToHuffmanCodingAlgo
rithm/pics/1.png, id=147, 547.04375pt x 107.40125pt>
File: /Users/_linxinhui_/Desktop/DSACurriculumDesign/IntroductionToHuffmanCodin
gAlgorithm/pics/1.png Graphic file (type png)
<use /Users/_linxinhui_/Desktop/DSACurriculumDesign/IntroductionToHuffmanCoding
Algorithm/pics/1.png>
Package pdftex.def Info: /Users/_linxinhui_/Desktop/DSACurriculumDesign/Introdu
ctionToHuffmanCodingAlgorithm/pics/1.png  used on input line 147.
(pdftex.def)             Requested size: 382.92801pt x 75.18034pt.

Overfull \hbox (37.92801pt too wide) in paragraph at lines 147--148
 [][] 
 []


Overfull \hbox (12.48741pt too wide) in paragraph at lines 160--163
[]\C70/gbsn/m/n/10/73 ∞ \C70/gbsn/m/n/10/57 ( \C70/gbsn/bx/n/10/5b ö \C70/gbsn/
bx/n/10/4e I ^^@ * \C70/gbsn/bx/n/10/65 ∞ \C70/gbsn/bx/n/10/76 Ñ \C70/gbsn/bx/n
/10/7b & \C70/gbsn/bx/n/10/53 ˜ \C70/gbsn/bx/n/10/96 ∆$\OML/cmm/m/it/10 A[]$\OT
1/cmr/m/n/10 , \C70/gbsn/bx/n/10/5b É \C70/gbsn/bx/n/10/53 ^^E \C70/gbsn/m/n/10
/62 Ï \C70/gbsn/m/n/10/56 € \C70/gbsn/bx/n/10/4e * \C70/gbsn/bx/n/10/5b W \C70/
gbsn/bx/n/10/6b Õ\OT1/cmr/m/n/10 : $\OML/cmm/m/it/10 a[]; a[]; a[]; a[]$\OT1/cm
r/m/n/10 , \C70/gbsn/bx/n/10/51 v \C70/gbsn/bx/n/10/4e -$\OML/cmm/m/it/10 a[]$\
C70/gbsn/m/n/10/75 1$\OML/cmm/m/it/10 a[]$\C70/gbsn/m/n/10/54 å$\OML/cmm/m/it/1
0 a[]$\C70/gbsn/m/n/10/7e ƒ
 []

</Users/_linxinhui_/Desktop/DSACurriculumDesign/IntroductionToHuffmanCodingAlgo
rithm/pics/2.png, id=149, 547.04375pt x 107.40125pt>
File: /Users/_linxinhui_/Desktop/DSACurriculumDesign/IntroductionToHuffmanCodin
gAlgorithm/pics/2.png Graphic file (type png)
<use /Users/_linxinhui_/Desktop/DSACurriculumDesign/IntroductionToHuffmanCoding
Algorithm/pics/2.png>
Package pdftex.def Info: /Users/_linxinhui_/Desktop/DSACurriculumDesign/Introdu
ctionToHuffmanCodingAlgorithm/pics/2.png  used on input line 166.
(pdftex.def)             Requested size: 382.92801pt x 75.18034pt.

Overfull \hbox (37.92801pt too wide) in paragraph at lines 166--167
 [][] 
 []

[5 </Users/_linxinhui_/Desktop/DSACurriculumDesign/IntroductionToHuffmanCodingA
lgorithm/pics/1.png>]
Overfull \hbox (5.57654pt too wide) in paragraph at lines 189--192
[]\C70/gbsn/m/n/10/91 Õ \C70/gbsn/m/n/10/59 ^^M \C70/gbsn/bx/n/10/4e 
 \C70/gbsn/m/n/10/8f  « \C70/gbsn/m/n/10/7a \OT1/cmr/m/n/10 , \C70/gbsn/bx/n/
10/5b ö \C70/gbsn/bx/n/10/4e I \C70/gbsn/bx/n/10/53 ^^E \C70/gbsn/m/n/10/54 + \
C70/gbsn/bx/n/10/4e 	 * \C70/gbsn/bx/n/10/5b W \C70/gbsn/bx/n/10/6b Õ$\OML/cmm/
m/it/10 a[]; a[]; a[]$\C70/gbsn/bx/n/10/76 Ñ \C70/gbsn/bx/n/10/65 ∞ \C70/gbsn/b
x/n/10/7b & \C70/gbsn/bx/n/10/53 ˜ \C70/gbsn/bx/n/10/96 ∆$\OML/cmm/m/it/10 A[]$
\OT1/cmr/m/n/10 , \C70/gbsn/bx/n/10/51 v \C70/gbsn/bx/n/10/4e -$\OML/cmm/m/it/1
0 a[]$\C70/gbsn/m/n/10/75 1$\OML/cmm/m/it/10 a[]$\C70/gbsn/m/n/10/54 å$\OML/cmm
/m/it/10 a[]$\C70/gbsn/m/n/10/7e ƒ
 []

</Users/_linxinhui_/Desktop/DSACurriculumDesign/IntroductionToHuffmanCodingAlgo
rithm/pics/3.png, id=157, 547.04375pt x 84.315pt>
File: /Users/_linxinhui_/Desktop/DSACurriculumDesign/IntroductionToHuffmanCodin
gAlgorithm/pics/3.png Graphic file (type png)
<use /Users/_linxinhui_/Desktop/DSACurriculumDesign/IntroductionToHuffmanCoding
Algorithm/pics/3.png>
Package pdftex.def Info: /Users/_linxinhui_/Desktop/DSACurriculumDesign/Introdu
ctionToHuffmanCodingAlgorithm/pics/3.png  used on input line 195.
(pdftex.def)             Requested size: 382.92801pt x 59.02008pt.

Overfull \hbox (37.92801pt too wide) in paragraph at lines 195--196
 [][] 
 []

[6 </Users/_linxinhui_/Desktop/DSACurriculumDesign/IntroductionToHuffmanCodingA
lgorithm/pics/2.png> </Users/_linxinhui_/Desktop/DSACurriculumDesign/Introducti
onToHuffmanCodingAlgorithm/pics/3.png>]
</Users/_linxinhui_/Desktop/DSACurriculumDesign/IntroductionToHuffmanCodingAlgo
rithm/pics/4.png, id=164, 547.04375pt x 72.27pt>
File: /Users/_linxinhui_/Desktop/DSACurriculumDesign/IntroductionToHuffmanCodin
gAlgorithm/pics/4.png Graphic file (type png)
<use /Users/_linxinhui_/Desktop/DSACurriculumDesign/IntroductionToHuffmanCoding
Algorithm/pics/4.png>
Package pdftex.def Info: /Users/_linxinhui_/Desktop/DSACurriculumDesign/Introdu
ctionToHuffmanCodingAlgorithm/pics/4.png  used on input line 224.
(pdftex.def)             Requested size: 382.92801pt x 50.58864pt.

Overfull \hbox (37.92801pt too wide) in paragraph at lines 224--225
 [][] 
 []

</Users/_linxinhui_/Desktop/DSACurriculumDesign/IntroductionToHuffmanCodingAlgo
rithm/pics/5.png, id=166, 547.04375pt x 117.43875pt>
File: /Users/_linxinhui_/Desktop/DSACurriculumDesign/IntroductionToHuffmanCodin
gAlgorithm/pics/5.png Graphic file (type png)
<use /Users/_linxinhui_/Desktop/DSACurriculumDesign/IntroductionToHuffmanCoding
Algorithm/pics/5.png>
Package pdftex.def Info: /Users/_linxinhui_/Desktop/DSACurriculumDesign/Introdu
ctionToHuffmanCodingAlgorithm/pics/5.png  used on input line 248.
(pdftex.def)             Requested size: 382.92801pt x 82.20654pt.

Overfull \hbox (37.92801pt too wide) in paragraph at lines 248--249
 [][] 
 []

</Users/_linxinhui_/Desktop/DSACurriculumDesign/IntroductionToHuffmanCodingAlgo
rithm/pics/6.png, id=167, 295.1025pt x 149.55875pt>
File: /Users/_linxinhui_/Desktop/DSACurriculumDesign/IntroductionToHuffmanCodin
gAlgorithm/pics/6.png Graphic file (type png)
<use /Users/_linxinhui_/Desktop/DSACurriculumDesign/IntroductionToHuffmanCoding
Algorithm/pics/6.png>
Package pdftex.def Info: /Users/_linxinhui_/Desktop/DSACurriculumDesign/Introdu
ctionToHuffmanCodingAlgorithm/pics/6.png  used on input line 256.
(pdftex.def)             Requested size: 295.10176pt x 149.55838pt.
[7 </Users/_linxinhui_/Desktop/DSACurriculumDesign/IntroductionToHuffmanCodingA
lgorithm/pics/4.png> </Users/_linxinhui_/Desktop/DSACurriculumDesign/Introducti
onToHuffmanCodingAlgorithm/pics/5.png>]
</Users/_linxinhui_/Desktop/DSACurriculumDesign/IntroductionToHuffmanCodingAlgo
rithm/pics/7.png, id=176, 306.14375pt x 168.63pt>
File: /Users/_linxinhui_/Desktop/DSACurriculumDesign/IntroductionToHuffmanCodin
gAlgorithm/pics/7.png Graphic file (type png)
<use /Users/_linxinhui_/Desktop/DSACurriculumDesign/IntroductionToHuffmanCoding
Algorithm/pics/7.png>
Package pdftex.def Info: /Users/_linxinhui_/Desktop/DSACurriculumDesign/Introdu
ctionToHuffmanCodingAlgorithm/pics/7.png  used on input line 298.
(pdftex.def)             Requested size: 306.14299pt x 168.62958pt.
 [8 </Users/_linxinhui_/Desktop/DSACurriculumDesign/IntroductionToHuffmanCoding
Algorithm/pics/6.png>]
</Users/_linxinhui_/Desktop/DSACurriculumDesign/IntroductionToHuffmanCodingAlgo
rithm/pics/8.png, id=182, 551.05875pt x 109.40875pt>
File: /Users/_linxinhui_/Desktop/DSACurriculumDesign/IntroductionToHuffmanCodin
gAlgorithm/pics/8.png Graphic file (type png)
<use /Users/_linxinhui_/Desktop/DSACurriculumDesign/IntroductionToHuffmanCoding
Algorithm/pics/8.png>
Package pdftex.def Info: /Users/_linxinhui_/Desktop/DSACurriculumDesign/Introdu
ctionToHuffmanCodingAlgorithm/pics/8.png  used on input line 306.
(pdftex.def)             Requested size: 385.73848pt x 76.58559pt.

Overfull \hbox (40.73848pt too wide) in paragraph at lines 306--307
 [][] 
 []

[9 </Users/_linxinhui_/Desktop/DSACurriculumDesign/IntroductionToHuffmanCodingA
lgorithm/pics/7.png> </Users/_linxinhui_/Desktop/DSACurriculumDesign/Introducti
onToHuffmanCodingAlgorithm/pics/8.png>]
Overfull \hbox (20.08368pt too wide) in paragraph at lines 354--355
\C70/gbsn/bx/n/10/95 Ù \C70/gbsn/m/n/10/62 ^^P \C70/gbsn/bx/n/10/67 ,\OT1/cmr/m
/n/10 , \C70/gbsn/bx/n/10/83 ^^C \C70/gbsn/bx/n/10/5f ^^O\OT1/cmr/m/n/10 Huffma
n\C70/gbsn/bx/n/10/78 ^^A \C70/gbsn/bx/n/10/76 Ñ \C70/gbsn/m/n/10/5e î \C70/gbs
n/m/n/10/75 ( \C70/gbsn/m/n/10/57 : \C70/gbsn/m/n/10/66 o \C70/gbsn/bx/n/10/5f 
à \C70/gbsn/m/n/10/5e ^^? \C70/gbsn/bx/n/10/6c €\OT1/cmr/m/n/10 , GZIB\C70/gbsn
/m/n/10/30 ^^A\OT1/cmr/m/n/10 ZLIB\C70/gbsn/m/n/10/30 ^^A\OT1/cmr/m/n/10 PNG\C7
0/gbsn/m/n/10/30 ^^A\OT1/cmr/m/n/10 JPEG\C70/gbsn/m/n/10/30 ^^A\OT1/cmr/m/n/10 
MPEG\C70/gbsn/bx/n/10/7b I
 []

[10]
Overfull \hbox (1.52722pt too wide) in paragraph at lines 367--368
[]\C70/gbsn/bx/n/10/67 Ñ \C70/gbsn/m/n/10/90   \C70/gbsn/bx/n/10/67 	 \C70/gbsn
/bx/n/10/96 P \C70/gbsn/bx/n/10/95 ^^? \C70/gbsn/bx/n/10/5e ¶\OT1/cmr/m/n/10 Hu
ffman\C70/gbsn/bx/n/10/78 ^^A \C70/gbsn/bx/n/10/76 Ñ \C70/gbsn/bx/n/10/7b ó \C7
0/gbsn/bx/n/10/6c ’ \C70/gbsn/m/n/10/97 ^^@ \C70/gbsn/m/n/10/89 Å \C70/gbsn/m/n
/10/75 ( \C70/gbsn/bx/n/10/52 0\OT1/cmtt/m/n/10 Kraft-McMillan\C70/gbsn/bx/n/10
/4e ^^M \C70/gbsn/bx/n/10/7b I \C70/gbsn/bx/n/10/5f ^^O \C70/gbsn/m/n/10/54 å \
C70/gbsn/m/n/10/62 S \C70/gbsn/bx/n/10/53 ^^E\OT1/cmtt/m/n/10 -\C70/gbsn/m/n/10
/54 ^^H
 []


Overfull \hbox (25.5558pt too wide) in paragraph at lines 397--398
[]\C70/gbsn/bx/n/10/51 w \C70/gbsn/bx/n/10/4f S \C70/gbsn/bx/n/10/76 Ñ \C70/gbs
n/bx/n/10/4f ^^? \C70/gbsn/m/n/10/75 ( \C70/gbsn/m/n/10/97 ^ \C70/gbsn/bx/n/10/
4e å \C70/gbsn/m/n/10/8f € \C70/gbsn/bx/n/10/52 6\OT1/cmr/m/n/10 Huffman\C70/gb
sn/bx/n/10/78 ^^A \C70/gbsn/bx/n/10/76 Ñ \C70/gbsn/bx/n/10/4f ã \C70/gbsn/bx/n/
10/5b P \C70/gbsn/m/n/10/8f Ÿ \C70/gbsn/m/n/10/91 Ã \C70/gbsn/bx/n/10/4e ^^M \C
70/gbsn/m/n/10/7e Ÿ \C70/gbsn/bx/n/10/4e Ü\OT1/cmr/m/n/10 , \C70/gbsn/bx/n/10/5
c U \C70/gbsn/bx/n/10/79 : \C70/gbsn/bx/n/10/4e ^^@ \C70/gbsn/m/n/10/68 ı \C70/
gbsn/m/n/10/97 ^ \C70/gbsn/bx/n/10/4e å \C70/gbsn/m/n/10/8f € \C70/gbsn/bx/n/10
/52 6\OT1/cmr/m/n/10 Huffman\C70/gbsn/bx/n/10/7f ^^V
 []

</Users/_linxinhui_/Desktop/DSACurriculumDesign/IntroductionToHuffmanCodingAlgo
rithm/pics/9.png, id=199, 178.6675pt x 154.5775pt>
File: /Users/_linxinhui_/Desktop/DSACurriculumDesign/IntroductionToHuffmanCodin
gAlgorithm/pics/9.png Graphic file (type png)
<use /Users/_linxinhui_/Desktop/DSACurriculumDesign/IntroductionToHuffmanCoding
Algorithm/pics/9.png>
Package pdftex.def Info: /Users/_linxinhui_/Desktop/DSACurriculumDesign/Introdu
ctionToHuffmanCodingAlgorithm/pics/9.png  used on input line 401.
(pdftex.def)             Requested size: 178.66705pt x 154.5771pt.
[11] [12 </Users/_linxinhui_/Desktop/DSACurriculumDesign/IntroductionToHuffmanC
odingAlgorithm/pics/9.png>]
Overfull \hbox (3.8058pt too wide) in paragraph at lines 458--459
\OT1/cmr/m/n/10 tion)\C70/gbsn/bx/n/10/65 ˆ\OT1/cmr/m/n/10 , \C70/gbsn/bx/n/10/
4f ^^? \C70/gbsn/m/n/10/75 (\OT1/cmr/m/n/10 Golomb\C70/gbsn/bx/n/10/7f ^^V \C70
/gbsn/bx/n/10/78 ^^A \C70/gbsn/bx/n/10/53 Ô \C70/gbsn/bx/n/10/4e Â \C70/gbsn/bx
/n/10/53 ÷ \C70/gbsn/bx/n/10/5f ó \C70/gbsn/bx/n/10/67 ^^@ \C70/gbsn/bx/n/10/4f
 ^^X \C70/gbsn/bx/n/10/65 H \C70/gbsn/bx/n/10/67 ú\OT1/cmr/m/n/10 , \C70/gbsn/b
x/n/10/4e _ \C70/gbsn/bx/n/10/5c 1 \C70/gbsn/m/n/10/66 / \C70/gbsn/m/n/10/8b Ù\
OT1/cmr/m/n/10 Golomb\C70/gbsn/bx/n/10/7f ^^V
 []

[13]
</Users/_linxinhui_/Desktop/DSACurriculumDesign/IntroductionToHuffmanCodingAlgo
rithm/pics/Tunstall.png, id=216, 490.83376pt x 58.2175pt>
File: /Users/_linxinhui_/Desktop/DSACurriculumDesign/IntroductionToHuffmanCodin
gAlgorithm/pics/Tunstall.png Graphic file (type png)
<use /Users/_linxinhui_/Desktop/DSACurriculumDesign/IntroductionToHuffmanCoding
Algorithm/pics/Tunstall.png>
Package pdftex.def Info: /Users/_linxinhui_/Desktop/DSACurriculumDesign/Introdu
ctionToHuffmanCodingAlgorithm/pics/Tunstall.png  used on input line 478.
(pdftex.def)             Requested size: 343.58128pt x 40.75195pt.
 [14 </Users/_linxinhui_/Desktop/DSACurriculumDesign/IntroductionToHuffmanCodin
gAlgorithm/pics/Tunstall.png>]
(./Introduction_to_Huffman_Coding_Algorithm.aux)

LaTeX Warning: There were multiply-defined labels.

 ) 
Here is how much of TeX's memory you used:
 6084 strings out of 480608
 85969 string characters out of 5903630
 312303 words of memory out of 5000000
 21671 multiletter control sequences out of 15000+600000
 567085 words of font info for 151 fonts, out of 8000000 for 9000
 1141 hyphenation exceptions out of 8191
 41i,8n,42p,700b,1318s stack positions out of 5000i,500n,10000p,200000b,80000s
{/usr/local/texlive/2020/texmf-dist/fonts/enc/dvips/cm-super/cm-super-ts1.enc
}</usr/local/texlive/2020/texmf-dist/fonts/type1/public/amsfonts/cm/cmbx10.pfb>
</usr/local/texlive/2020/texmf-dist/fonts/type1/public/amsfonts/cm/cmbx12.pfb><
/usr/local/texlive/2020/texmf-dist/fonts/type1/public/amsfonts/cm/cmmi10.pfb></
usr/local/texlive/2020/texmf-dist/fonts/type1/public/amsfonts/cm/cmmi7.pfb></us
r/local/texlive/2020/texmf-dist/fonts/type1/public/amsfonts/cm/cmr10.pfb></usr/
local/texlive/2020/texmf-dist/fonts/type1/public/amsfonts/cm/cmr12.pfb></usr/lo
cal/texlive/2020/texmf-dist/fonts/type1/public/amsfonts/cm/cmr17.pfb></usr/loca
l/texlive/2020/texmf-dist/fonts/type1/public/amsfonts/cm/cmr7.pfb></usr/local/t
exlive/2020/texmf-dist/fonts/type1/public/amsfonts/cm/cmsy10.pfb></usr/local/te
xlive/2020/texmf-dist/fonts/type1/public/amsfonts/cm/cmsy7.pfb></usr/local/texl
ive/2020/texmf-dist/fonts/type1/public/amsfonts/cm/cmti10.pfb></usr/local/texli
ve/2020/texmf-dist/fonts/type1/public/amsfonts/cm/cmtt10.pfb></usr/local/texliv
e/2020/texmf-dist/fonts/type1/arphic/gbsnu/gbsnu30.pfb></usr/local/texlive/2020
/texmf-dist/fonts/type1/arphic/gbsnu/gbsnu4e.pfb></usr/local/texlive/2020/texmf
-dist/fonts/type1/arphic/gbsnu/gbsnu4f.pfb></usr/local/texlive/2020/texmf-dist/
fonts/type1/arphic/gbsnu/gbsnu50.pfb></usr/local/texlive/2020/texmf-dist/fonts/
type1/arphic/gbsnu/gbsnu51.pfb></usr/local/texlive/2020/texmf-dist/fonts/type1/
arphic/gbsnu/gbsnu52.pfb></usr/local/texlive/2020/texmf-dist/fonts/type1/arphic
/gbsnu/gbsnu53.pfb></usr/local/texlive/2020/texmf-dist/fonts/type1/arphic/gbsnu
/gbsnu54.pfb></usr/local/texlive/2020/texmf-dist/fonts/type1/arphic/gbsnu/gbsnu
56.pfb></usr/local/texlive/2020/texmf-dist/fonts/type1/arphic/gbsnu/gbsnu57.pfb
></usr/local/texlive/2020/texmf-dist/fonts/type1/arphic/gbsnu/gbsnu58.pfb></usr
/local/texlive/2020/texmf-dist/fonts/type1/arphic/gbsnu/gbsnu59.pfb></usr/local
/texlive/2020/texmf-dist/fonts/type1/arphic/gbsnu/gbsnu5a.pfb></usr/local/texli
ve/2020/texmf-dist/fonts/type1/arphic/gbsnu/gbsnu5b.pfb></usr/local/texlive/202
0/texmf-dist/fonts/type1/arphic/gbsnu/gbsnu5c.pfb></usr/local/texlive/2020/texm
f-dist/fonts/type1/arphic/gbsnu/gbsnu5d.pfb></usr/local/texlive/2020/texmf-dist
/fonts/type1/arphic/gbsnu/gbsnu5e.pfb></usr/local/texlive/2020/texmf-dist/fonts
/type1/arphic/gbsnu/gbsnu5f.pfb></usr/local/texlive/2020/texmf-dist/fonts/type1
/arphic/gbsnu/gbsnu60.pfb></usr/local/texlive/2020/texmf-dist/fonts/type1/arphi
c/gbsnu/gbsnu61.pfb></usr/local/texlive/2020/texmf-dist/fonts/type1/arphic/gbsn
u/gbsnu62.pfb></usr/local/texlive/2020/texmf-dist/fonts/type1/arphic/gbsnu/gbsn
u63.pfb></usr/local/texlive/2020/texmf-dist/fonts/type1/arphic/gbsnu/gbsnu64.pf
b></usr/local/texlive/2020/texmf-dist/fonts/type1/arphic/gbsnu/gbsnu65.pfb></us
r/local/texlive/2020/texmf-dist/fonts/type1/arphic/gbsnu/gbsnu66.pfb></usr/loca
l/texlive/2020/texmf-dist/fonts/type1/arphic/gbsnu/gbsnu67.pfb></usr/local/texl
ive/2020/texmf-dist/fonts/type1/arphic/gbsnu/gbsnu68.pfb></usr/local/texlive/20
20/texmf-dist/fonts/type1/arphic/gbsnu/gbsnu69.pfb></usr/local/texlive/2020/tex
mf-dist/fonts/type1/arphic/gbsnu/gbsnu6a.pfb></usr/local/texlive/2020/texmf-dis
t/fonts/type1/arphic/gbsnu/gbsnu6b.pfb></usr/local/texlive/2020/texmf-dist/font
s/type1/arphic/gbsnu/gbsnu6c.pfb></usr/local/texlive/2020/texmf-dist/fonts/type
1/arphic/gbsnu/gbsnu6d.pfb></usr/local/texlive/2020/texmf-dist/fonts/type1/arph
ic/gbsnu/gbsnu6e.pfb></usr/local/texlive/2020/texmf-dist/fonts/type1/arphic/gbs
nu/gbsnu70.pfb></usr/local/texlive/2020/texmf-dist/fonts/type1/arphic/gbsnu/gbs
nu71.pfb></usr/local/texlive/2020/texmf-dist/fonts/type1/arphic/gbsnu/gbsnu72.p
fb></usr/local/texlive/2020/texmf-dist/fonts/type1/arphic/gbsnu/gbsnu73.pfb></u
sr/local/texlive/2020/texmf-dist/fonts/type1/arphic/gbsnu/gbsnu74.pfb></usr/loc
al/texlive/2020/texmf-dist/fonts/type1/arphic/gbsnu/gbsnu75.pfb></usr/local/tex
live/2020/texmf-dist/fonts/type1/arphic/gbsnu/gbsnu76.pfb></usr/local/texlive/2
020/texmf-dist/fonts/type1/arphic/gbsnu/gbsnu77.pfb></usr/local/texlive/2020/te
xmf-dist/fonts/type1/arphic/gbsnu/gbsnu78.pfb></usr/local/texlive/2020/texmf-di
st/fonts/type1/arphic/gbsnu/gbsnu79.pfb></usr/local/texlive/2020/texmf-dist/fon
ts/type1/arphic/gbsnu/gbsnu7a.pfb></usr/local/texlive/2020/texmf-dist/fonts/typ
e1/arphic/gbsnu/gbsnu7b.pfb></usr/local/texlive/2020/texmf-dist/fonts/type1/arp
hic/gbsnu/gbsnu7c.pfb></usr/local/texlive/2020/texmf-dist/fonts/type1/arphic/gb
snu/gbsnu7d.pfb></usr/local/texlive/2020/texmf-dist/fonts/type1/arphic/gbsnu/gb
snu7e.pfb></usr/local/texlive/2020/texmf-dist/fonts/type1/arphic/gbsnu/gbsnu7f.
pfb></usr/local/texlive/2020/texmf-dist/fonts/type1/arphic/gbsnu/gbsnu80.pfb></
usr/local/texlive/2020/texmf-dist/fonts/type1/arphic/gbsnu/gbsnu81.pfb></usr/lo
cal/texlive/2020/texmf-dist/fonts/type1/arphic/gbsnu/gbsnu82.pfb></usr/local/te
xlive/2020/texmf-dist/fonts/type1/arphic/gbsnu/gbsnu83.pfb></usr/local/texlive/
2020/texmf-dist/fonts/type1/arphic/gbsnu/gbsnu84.pfb></usr/local/texlive/2020/t
exmf-dist/fonts/type1/arphic/gbsnu/gbsnu88.pfb></usr/local/texlive/2020/texmf-d
ist/fonts/type1/arphic/gbsnu/gbsnu89.pfb></usr/local/texlive/2020/texmf-dist/fo
nts/type1/arphic/gbsnu/gbsnu8a.pfb></usr/local/texlive/2020/texmf-dist/fonts/ty
pe1/arphic/gbsnu/gbsnu8b.pfb></usr/local/texlive/2020/texmf-dist/fonts/type1/ar
phic/gbsnu/gbsnu8c.pfb></usr/local/texlive/2020/texmf-dist/fonts/type1/arphic/g
bsnu/gbsnu8d.pfb></usr/local/texlive/2020/texmf-dist/fonts/type1/arphic/gbsnu/g
bsnu8f.pfb></usr/local/texlive/2020/texmf-dist/fonts/type1/arphic/gbsnu/gbsnu90
.pfb></usr/local/texlive/2020/texmf-dist/fonts/type1/arphic/gbsnu/gbsnu91.pfb><
/usr/local/texlive/2020/texmf-dist/fonts/type1/arphic/gbsnu/gbsnu94.pfb></usr/l
ocal/texlive/2020/texmf-dist/fonts/type1/arphic/gbsnu/gbsnu95.pfb></usr/local/t
exlive/2020/texmf-dist/fonts/type1/arphic/gbsnu/gbsnu96.pfb></usr/local/texlive
/2020/texmf-dist/fonts/type1/arphic/gbsnu/gbsnu97.pfb></usr/local/texlive/2020/
texmf-dist/fonts/type1/arphic/gbsnu/gbsnu98.pfb></usr/local/texlive/2020/texmf-
dist/fonts/type1/arphic/gbsnu/gbsnu9a.pfb></usr/local/texlive/2020/texmf-dist/f
onts/type1/arphic/gbsnu/gbsnuff.pfb></usr/local/texlive/2020/texmf-dist/fonts/t
ype1/public/cm-super/sfrm1000.pfb>
Output written on Introduction_to_Huffman_Coding_Algorithm.pdf (14 pages, 10269
67 bytes).
PDF statistics:
 476 PDF objects out of 1000 (max. 8388607)
 284 compressed objects within 3 object streams
 0 named destinations out of 1000 (max. 500000)
 331 words of extra memory for PDF output out of 10000 (max. 10000000)

