\BOOKMARK [1][-]{section.1}{\376\377\137\305\211\201\213\364\146\016}{}% 1
\BOOKMARK [2][-]{subsection.1.1}{\376\377\121\163\116\216\213\376\172\013\213\276\213\241\121\205\133\271}{section.1}% 2
\BOOKMARK [2][-]{subsection.1.2}{\376\377\162\110\147\054\213\364\146\016}{section.1}% 3
\BOOKMARK [2][-]{subsection.1.3}{\376\377\121\166\133\203\213\364\146\016}{section.1}% 4
\BOOKMARK [1][-]{section.2}{\376\377\225\356\230\230\143\317\217\360}{}% 5
\BOOKMARK [1][-]{section.3}{\376\377\227\000\154\102\122\006\147\220}{}% 6
\BOOKMARK [2][-]{subsection.3.1}{\376\377\145\160\143\156\227\000\154\102}{section.3}% 7
\BOOKMARK [2][-]{subsection.3.2}{\376\377\122\237\200\375\227\000\154\102}{section.3}% 8
\BOOKMARK [2][-]{subsection.3.3}{\376\377\227\136\122\237\200\375\227\000\154\102}{section.3}% 9
\BOOKMARK [3][-]{subsubsection.3.3.1}{\376\377\217\157\116\366\163\257\130\203}{subsection.3.3}% 10
\BOOKMARK [3][-]{subsubsection.3.3.2}{\376\377\170\154\116\366\163\257\130\203}{subsection.3.3}% 11
\BOOKMARK [1][-]{section.4}{\376\377\151\202\211\201\213\276\213\241}{}% 12
\BOOKMARK [2][-]{subsection.4.1}{\376\377\142\275\214\141\145\160\143\156\174\173\127\213}{section.4}% 13
\BOOKMARK [2][-]{subsection.4.2}{\376\377\140\073\117\123\213\276\213\241}{section.4}% 14
\BOOKMARK [2][-]{subsection.4.3}{\376\377\122\237\200\375\152\041\127\127\213\276\213\241}{section.4}% 15
\BOOKMARK [2][-]{subsection.4.4}{\376\377\165\050\142\067\165\114\227\142\213\276\213\241}{section.4}% 16
\BOOKMARK [1][-]{section.5}{\376\377\213\346\176\306\213\276\213\241\123\312\174\373\176\337\133\236\163\260}{}% 17
\BOOKMARK [2][-]{subsection.5.1}{\376\377\133\130\120\250\176\323\147\204\213\276\213\241}{section.5}% 18
\BOOKMARK [2][-]{subsection.5.2}{\376\377\150\070\137\303\173\227\154\325\213\276\213\241}{section.5}% 19
\BOOKMARK [2][-]{subsection.5.3}{\376\377\124\004\122\237\200\375\152\041\127\127\133\236\163\260}{section.5}% 20
\BOOKMARK [3][-]{subsubsection.5.3.1}{\376\377\000C\213\355\212\000\133\236\163\260}{subsection.5.3}% 21
\BOOKMARK [3][-]{subsubsection.5.3.2}{\376\377\000P\000y\000t\000h\000o\000n\213\355\212\000\133\236\163\260}{subsection.5.3}% 22
\BOOKMARK [1][-]{section.6}{\376\377\174\373\176\337\214\003\213\325\122\006\147\220}{}% 23
\BOOKMARK [1][-]{section.7}{\376\377\213\376\172\013\213\276\213\241\140\073\176\323}{}% 24
\BOOKMARK [1][-]{section.8}{\376\377\226\104\137\125\000:\000\040\156\220\170\001\123\312\121\166\133\203\166\370\121\163\147\120\145\231}{}% 25
\BOOKMARK [1][-]{section.8}{\376\377\123\302\200\003\145\207\163\056}{}% 26
